#
# There is insufficient memory for the Java Runtime Environment to continue.
# Native memory allocation (mmap) failed to map 234881024 bytes for G1 virtual space
# Possible reasons:
#   The system is out of physical RAM or swap space
#   The process is running with CompressedOops enabled, and the Java Heap may be blocking the growth of the native heap
# Possible solutions:
#   Reduce memory load on the system
#   Increase physical memory or swap space
#   Check if swap backing store is full
#   Decrease Java heap size (-Xmx/-Xms)
#   Decrease number of Java threads
#   Decrease Java thread stack sizes (-Xss)
#   Set larger code cache with -XX:ReservedCodeCacheSize=
#   JVM is running with Zero Based Compressed Oops mode in which the Java heap is
#     placed in the first 32GB address space. The Java Heap base address is the
#     maximum limit for the native heap growth. Please use -XX:HeapBaseMinAddress
#     to set the Java Heap base and to place the Java Heap above 32GB virtual address.
# This output file may be truncated or incomplete.
#
#  Out of Memory Error (os_windows.cpp:3541), pid=8572, tid=24144
#
# JRE version:  (17.0.4+8) (build )
# Java VM: OpenJDK 64-Bit Server VM (17.0.4+8, mixed mode, sharing, tiered, compressed oops, compressed class ptrs, g1 gc, windows-amd64)
# No core dump will be written. Minidumps are not enabled by default on client versions of Windows
#

---------------  S U M M A R Y ------------

Command Line: -XX:+ShowCodeDetailsInExceptionMessages store

Host: AMD Ryzen 5 3400G with Radeon Vega Graphics    , 8 cores, 13G,  Windows 10 , 64 bit Build 19041 (10.0.19041.2546)
Time: Tue Apr 25 07:35:17 2023 GMT Summer Time elapsed time: 0.683995 seconds (0d 0h 0m 0s)

---------------  T H R E A D  ---------------

Current thread (0x0000014267071980):  JavaThread "Unknown thread" [_thread_in_vm, id=24144, stack(0x0000003965a00000,0x0000003965b00000)]

Stack: [0x0000003965a00000,0x0000003965b00000]
Native frames: (J=compiled Java code, j=interpreted, Vv=VM code, C=native code)
V  [jvm.dll+0x67733a]
V  [jvm.dll+0x8323c4]
V  [jvm.dll+0x833b6e]
V  [jvm.dll+0x8341d3]
V  [jvm.dll+0x2455e5]
V  [jvm.dll+0x674229]
V  [jvm.dll+0x668ab2]
V  [jvm.dll+0x30458b]
V  [jvm.dll+0x30bad6]
V  [jvm.dll+0x35ba7e]
V  [jvm.dll+0x35bcaf]
V  [jvm.dll+0x2db428]
V  [jvm.dll+0x2dc394]
V  [jvm.dll+0x803ef1]
V  [jvm.dll+0x3698d1]
V  [jvm.dll+0x7e320c]
V  [jvm.dll+0x3ec23f]
V  [jvm.dll+0x3eddc1]
C  [jli.dll+0x5277]
C  [ucrtbase.dll+0x21bb2]
C  [KERNEL32.DLL+0x17614]
C  [ntdll.dll+0x526a1]


---------------  P R O C E S S  ---------------

Threads class SMR info:
_java_thread_list=0x00007fffa55b4e98, length=0, elements={
}

Java Threads: ( => current thread )

Other Threads:
  0x00000142670d2ec0 GCTaskThread "GC Thread#0" [stack: 0x0000003965b00000,0x0000003965c00000] [id=9976]
  0x00000142670e2d50 ConcurrentGCThread "G1 Main Marker" [stack: 0x0000003965c00000,0x0000003965d00000] [id=23204]
  0x00000142670e3f00 ConcurrentGCThread "G1 Conc#0" [stack: 0x0000003965d00000,0x0000003965e00000] [id=3960]

[error occurred during error reporting (printing all threads), id 0xc0000005, EXCEPTION_ACCESS_VIOLATION (0xc0000005) at pc=0x00007fffa4d8beb7]

VM state: not at safepoint (not fully initialized)

VM Mutex/Monitor currently owned by a thread:  ([mutex/lock_event])
[0x000001426706d240] Heap_lock - owner thread: 0x0000014267071980

Heap address: 0x0000000720c00000, size: 3572 MB, Compressed Oops mode: Zero based, Oop shift amount: 3

CDS archive(s) mapped at: [0x0000000000000000-0x0000000000000000-0x0000000000000000), size 0, SharedBaseAddress: 0x0000000800000000, ArchiveRelocationMode: 0.
Narrow klass base: 0x0000000000000000, Narrow klass shift: 0, Narrow klass range: 0x0

GC Precious Log:
<Empty>

Heap:
 garbage-first heap   total 0K, used 0K [0x0000000720c00000, 0x0000000800000000)
  region size 2048K, 0 young (0K), 0 survivors (0K)

[error occurred during error reporting (printing heap information), id 0xc0000005, EXCEPTION_ACCESS_VIOLATION (0xc0000005) at pc=0x00007fffa51706b9]

GC Heap History (0 events):
No events

Deoptimization events (0 events):
No events

Classes unloaded (0 events):
No events

Classes redefined (0 events):
No events

Internal exceptions (0 events):
No events

VM Operations (0 events):
No events

Events (1 events):
Event: 0.569 Loaded shared library C:\Program Files\Eclipse Adoptium\jdk-17.0.4.8-hotspot\bin\java.dll


Dynamic libraries:
0x00007ff6f2130000 - 0x00007ff6f213e000 	C:\Program Files\Eclipse Adoptium\jdk-17.0.4.8-hotspot\bin\java.exe
0x00007ff8239f0000 - 0x00007ff823be8000 	C:\WINDOWS\SYSTEM32\ntdll.dll
0x00007ff8223b0000 - 0x00007ff82246f000 	C:\WINDOWS\System32\KERNEL32.DLL
0x00007ff821220000 - 0x00007ff8214f2000 	C:\WINDOWS\System32\KERNELBASE.dll
0x00007ff8215c0000 - 0x00007ff8216c0000 	C:\WINDOWS\System32\ucrtbase.dll
0x00007fffef810000 - 0x00007fffef829000 	C:\Program Files\Eclipse Adoptium\jdk-17.0.4.8-hotspot\bin\VCRUNTIME140.dll
0x00007fffefc00000 - 0x00007fffefc18000 	C:\Program Files\Eclipse Adoptium\jdk-17.0.4.8-hotspot\bin\jli.dll
0x00007ff823270000 - 0x00007ff823411000 	C:\WINDOWS\System32\USER32.dll
0x00007ff8218b0000 - 0x00007ff8218d2000 	C:\WINDOWS\System32\win32u.dll
0x00007ff820480000 - 0x00007ff82071a000 	C:\WINDOWS\WinSxS\amd64_microsoft.windows.common-controls_6595b64144ccf1df_6.0.19041.1110_none_60b5254171f9507e\COMCTL32.dll
0x00007ff822f80000 - 0x00007ff822fab000 	C:\WINDOWS\System32\GDI32.dll
0x00007ff823050000 - 0x00007ff8230ee000 	C:\WINDOWS\System32\msvcrt.dll
0x00007ff8217a0000 - 0x00007ff8218af000 	C:\WINDOWS\System32\gdi32full.dll
0x00007ff821180000 - 0x00007ff82121d000 	C:\WINDOWS\System32\msvcp_win.dll
0x00007ff822630000 - 0x00007ff822660000 	C:\WINDOWS\System32\IMM32.DLL
0x00007ffffc400000 - 0x00007ffffc40c000 	C:\Program Files\Eclipse Adoptium\jdk-17.0.4.8-hotspot\bin\vcruntime140_1.dll
0x00007fffea5b0000 - 0x00007fffea641000 	C:\Program Files\Eclipse Adoptium\jdk-17.0.4.8-hotspot\bin\msvcp140.dll
0x00007fffa4aa0000 - 0x00007fffa56e6000 	C:\Program Files\Eclipse Adoptium\jdk-17.0.4.8-hotspot\bin\server\jvm.dll
0x00007ff822660000 - 0x00007ff82270e000 	C:\WINDOWS\System32\ADVAPI32.dll
0x00007ff822fb0000 - 0x00007ff82304c000 	C:\WINDOWS\System32\sechost.dll
0x00007ff822af0000 - 0x00007ff822c14000 	C:\WINDOWS\System32\RPCRT4.dll
0x00007ff823190000 - 0x00007ff823198000 	C:\WINDOWS\System32\PSAPI.DLL
0x00007ff80e690000 - 0x00007ff80e699000 	C:\WINDOWS\SYSTEM32\WSOCK32.dll
0x00007ff8229d0000 - 0x00007ff822a3b000 	C:\WINDOWS\System32\WS2_32.dll
0x00007ff819b30000 - 0x00007ff819b3a000 	C:\WINDOWS\SYSTEM32\VERSION.dll
0x00007ff817e30000 - 0x00007ff817e57000 	C:\WINDOWS\SYSTEM32\WINMM.dll
0x00007ff81e2d0000 - 0x00007ff81e2e2000 	C:\WINDOWS\SYSTEM32\kernel.appcore.dll
0x00007ffffc130000 - 0x00007ffffc13a000 	C:\Program Files\Eclipse Adoptium\jdk-17.0.4.8-hotspot\bin\jimage.dll
0x00007ff820870000 - 0x00007ff820a54000 	C:\WINDOWS\SYSTEM32\DBGHELP.DLL
0x00007ff820830000 - 0x00007ff820865000 	C:\WINDOWS\SYSTEM32\dbgcore.DLL
0x00007ff8210f0000 - 0x00007ff821172000 	C:\WINDOWS\System32\bcryptPrimitives.dll
0x00007fffea870000 - 0x00007fffea895000 	C:\Program Files\Eclipse Adoptium\jdk-17.0.4.8-hotspot\bin\java.dll

dbghelp: loaded successfully - version: 4.0.5 - missing functions: none
symbol engine: initialized successfully - sym options: 0x614 - pdb path: .;C:\Program Files\Eclipse Adoptium\jdk-17.0.4.8-hotspot\bin;C:\WINDOWS\SYSTEM32;C:\WINDOWS\WinSxS\amd64_microsoft.windows.common-controls_6595b64144ccf1df_6.0.19041.1110_none_60b5254171f9507e;C:\Program Files\Eclipse Adoptium\jdk-17.0.4.8-hotspot\bin\server

VM Arguments:
jvm_args: -XX:+ShowCodeDetailsInExceptionMessages 
java_command: store
java_class_path (initial): C:\Users\Aidan\OneDrive - University of Suffolk\Level 4\Intro to Programming\Assignment\Resources\I2P-Assignment-starter-code
Launcher Type: SUN_STANDARD

[Global flags]
     intx CICompilerCount                          = 4                                         {product} {ergonomic}
     uint ConcGCThreads                            = 2                                         {product} {ergonomic}
     uint G1ConcRefinementThreads                  = 8                                         {product} {ergonomic}
   size_t G1HeapRegionSize                         = 2097152                                   {product} {ergonomic}
    uintx GCDrainStackTargetSize                   = 64                                        {product} {ergonomic}
   size_t InitialHeapSize                          = 234881024                                 {product} {ergonomic}
   size_t MarkStackSize                            = 4194304                                   {product} {ergonomic}
   size_t MaxHeapSize                              = 3745513472                                {product} {ergonomic}
   size_t MinHeapDeltaBytes                        = 2097152                                   {product} {ergonomic}
   size_t MinHeapSize                              = 8388608                                   {product} {ergonomic}
    uintx NonNMethodCodeHeapSize                   = 5839372                                {pd product} {ergonomic}
    uintx NonProfiledCodeHeapSize                  = 122909434                              {pd product} {ergonomic}
    uintx ProfiledCodeHeapSize                     = 122909434                              {pd product} {ergonomic}
    uintx ReservedCodeCacheSize                    = 251658240                              {pd product} {ergonomic}
     bool SegmentedCodeCache                       = true                                      {product} {ergonomic}
     bool ShowCodeDetailsInExceptionMessages       = true                                   {manageable} {command line}
   size_t SoftMaxHeapSize                          = 3745513472                             {manageable} {ergonomic}
     bool UseCompressedClassPointers               = true                           {product lp64_product} {ergonomic}
     bool UseCompressedOops                        = true                           {product lp64_product} {ergonomic}
     bool UseG1GC                                  = true                                      {product} {ergonomic}
     bool UseLargePagesIndividualAllocation        = false                                  {pd product} {ergonomic}

Logging:
Log output configuration:
 #0: stdout all=warning uptime,level,tags
 #1: stderr all=off uptime,level,tags

Environment Variables:
PATH=C:\Program Files (x86)\Common Files\Oracle\Java\javapath;C:\Program Files\nodejs;C:\Python310\Scripts\;C:\Python310\;C:\Program Files\Eclipse Adoptium\jdk-17.0.4.8-hotspot\bin;"C:\Java\jdk-18.0.2\bin;C:\Program Files\Common Files\Oracle\Java\javapath";C:\WINDOWS\system32;C:\WINDOWS;C:\WINDOWS\System32\Wbem;C:\WINDOWS\System32\WindowsPowerShell\v1.0\;C:\WINDOWS\System32\OpenSSH\;C:\Program Files (x86)\Microsoft SQL Server\150\DTS\Binn\;C:\Program Files\Azure Data Studio\bin;C:\Program Files\Microsoft SQL Server\Client SDK\ODBC\170\Tools\Binn\;C:\Program Files (x86)\Microsoft SQL Server\150\Tools\Binn\;C:\Program Files\Microsoft SQL Server\150\Tools\Binn\;C:\Program Files\Microsoft SQL Server\150\DTS\Binn\;C:\Program Files\Git\cmd;C:\Program Files\nodejs\;C:\ProgramData\chocolatey\bin;C:\Program Files\dotnet\;C:\Program Files\Microsoft\Web Platform Installer\;C:\Program Files\GitHub CLI\;C:\Users\Aidan\AppData\Local\Programs\Python\Python39\Scripts\;C:\Users\Aidan\AppData\Local\Programs\Python\Python39\;C:\Users\Aidan\AppData\Local\Microsoft\WindowsApps;C:\Program Files\Azure Data Studio\bin;C:\Users\Aidan\AppData\Local\Programs\Microsoft VS Code\bin;C:\Users\Aidan\AppData\Local\GitHubDesktop\bin;"C:\Users\Aidan\AppData\Roaming\npm; C:\Program Files\nodejs";C:\Users\Aidan\.dotnet\tools
USERNAME=Aidan
LANG=en_US.UTF-8
OS=Windows_NT
PROCESSOR_IDENTIFIER=AMD64 Family 23 Model 24 Stepping 1, AuthenticAMD
TMP=C:\Users\Aidan\AppData\Local\Temp
TEMP=C:\Users\Aidan\AppData\Local\Temp



---------------  S Y S T E M  ---------------

OS:
 Windows 10 , 64 bit Build 19041 (10.0.19041.2546)
OS uptime: 0 days 16:03 hours

CPU: total 8 (initial active 8) (8 cores per cpu, 2 threads per core) family 23 model 24 stepping 1 microcode 0x0, cx8, cmov, fxsr, ht, mmx, 3dnowpref, sse, sse2, sse3, ssse3, sse4a, sse4.1, sse4.2, popcnt, lzcnt, tsc, tscinvbit, avx, avx2, aes, clmul, bmi1, bmi2, adx, sha, fma, vzeroupper, clflush, clflushopt

Memory: 4k page, system-wide physical 14284M (616M free)
TotalPageFile size 57292M (AvailPageFile size 230M)
current process WorkingSet (physical memory assigned to process): 10M, peak: 10M
current process commit charge ("private bytes"): 60M, peak: 284M

vm_info: OpenJDK 64-Bit Server VM (17.0.4+8) for windows-amd64 JRE (17.0.4+8), built on Jul 19 2022 16:05:16 by "temurin" with MS VC++ 16.7 (VS2019)

END.
